  2DShooting_SeolBin.cpp
C:\ProgramingWorks\WinApiGame\WinApiGame_2DShooting\2DShooting_SeolBin\2DShooting_SeolBin\2DShooting_SeolBin.cpp(44,2): error C2065: 'Game': 선언되지 않은 식별자입니다.
C:\ProgramingWorks\WinApiGame\WinApiGame_2DShooting\2DShooting_SeolBin\2DShooting_SeolBin\2DShooting_SeolBin.cpp(44,7): error C2146: 구문 오류: ';'이(가) 'game' 식별자 앞에 없습니다.
C:\ProgramingWorks\WinApiGame\WinApiGame_2DShooting\2DShooting_SeolBin\2DShooting_SeolBin\2DShooting_SeolBin.cpp(44,7): error C2065: 'game': 선언되지 않은 식별자입니다.
C:\ProgramingWorks\WinApiGame\WinApiGame_2DShooting\2DShooting_SeolBin\2DShooting_SeolBin\2DShooting_SeolBin.cpp(45,2): error C2065: 'game': 선언되지 않은 식별자입니다.
C:\ProgramingWorks\WinApiGame\WinApiGame_2DShooting\2DShooting_SeolBin\2DShooting_SeolBin\2DShooting_SeolBin.cpp(48,2): error C2065: 'uint64': 선언되지 않은 식별자입니다.
C:\ProgramingWorks\WinApiGame\WinApiGame_2DShooting\2DShooting_SeolBin\2DShooting_SeolBin\2DShooting_SeolBin.cpp(48,9): error C2146: 구문 오류: ';'이(가) 'prevTick' 식별자 앞에 없습니다.
C:\ProgramingWorks\WinApiGame\WinApiGame_2DShooting\2DShooting_SeolBin\2DShooting_SeolBin\2DShooting_SeolBin.cpp(48,9): error C2065: 'prevTick': 선언되지 않은 식별자입니다.
C:\ProgramingWorks\WinApiGame\WinApiGame_2DShooting\2DShooting_SeolBin\2DShooting_SeolBin\2DShooting_SeolBin.cpp(58,4): error C2065: 'uint64': 선언되지 않은 식별자입니다.
C:\ProgramingWorks\WinApiGame\WinApiGame_2DShooting\2DShooting_SeolBin\2DShooting_SeolBin\2DShooting_SeolBin.cpp(58,11): error C2146: 구문 오류: ';'이(가) 'now' 식별자 앞에 없습니다.
C:\ProgramingWorks\WinApiGame\WinApiGame_2DShooting\2DShooting_SeolBin\2DShooting_SeolBin\2DShooting_SeolBin.cpp(58,11): error C2065: 'now': 선언되지 않은 식별자입니다.
C:\ProgramingWorks\WinApiGame\WinApiGame_2DShooting\2DShooting_SeolBin\2DShooting_SeolBin\2DShooting_SeolBin.cpp(60,8): error C2065: 'now': 선언되지 않은 식별자입니다.
C:\ProgramingWorks\WinApiGame\WinApiGame_2DShooting\2DShooting_SeolBin\2DShooting_SeolBin\2DShooting_SeolBin.cpp(60,14): error C2065: 'prevTick': 선언되지 않은 식별자입니다.
C:\ProgramingWorks\WinApiGame\WinApiGame_2DShooting\2DShooting_SeolBin\2DShooting_SeolBin\2DShooting_SeolBin.cpp(61,5): error C2065: 'game': 선언되지 않은 식별자입니다.
C:\ProgramingWorks\WinApiGame\WinApiGame_2DShooting\2DShooting_SeolBin\2DShooting_SeolBin\2DShooting_SeolBin.cpp(62,5): error C2065: 'game': 선언되지 않은 식별자입니다.
C:\ProgramingWorks\WinApiGame\WinApiGame_2DShooting\2DShooting_SeolBin\2DShooting_SeolBin\2DShooting_SeolBin.cpp(64,5): error C2065: 'prevTick': 선언되지 않은 식별자입니다.
C:\ProgramingWorks\WinApiGame\WinApiGame_2DShooting\2DShooting_SeolBin\2DShooting_SeolBin\2DShooting_SeolBin.cpp(64,16): error C2065: 'now': 선언되지 않은 식별자입니다.
C:\ProgramingWorks\WinApiGame\WinApiGame_2DShooting\2DShooting_SeolBin\2DShooting_SeolBin\2DShooting_SeolBin.cpp(89,47): error C2065: 'IDI_MY2DSHOOTINGSEOLBIN': 선언되지 않은 식별자입니다.
C:\ProgramingWorks\WinApiGame\WinApiGame_2DShooting\2DShooting_SeolBin\2DShooting_SeolBin\2DShooting_SeolBin.cpp(92,27): error C2065: 'IDC_MY2DSHOOTINGSEOLBIN': 선언되지 않은 식별자입니다.
  Game.cpp
  The contents of <format> are available only with C++20 or later.
C:\ProgramingWorks\WinApiGame\WinApiGame_2DShooting\2DShooting_SeolBin\2DShooting_SeolBin\Game.cpp(52,22): error C2039: 'format': 'std'의 멤버가 아닙니다.
C:\Program Files (x86)\Microsoft Visual Studio\2019\Community\VC\Tools\MSVC\14.29.30133\include\algorithm(40): message : 'std' 선언을 참조하십시오.
C:\ProgramingWorks\WinApiGame\WinApiGame_2DShooting\2DShooting_SeolBin\2DShooting_SeolBin\Game.cpp(52,28): error C3861: 'format': 식별자를 찾을 수 없습니다.
C:\ProgramingWorks\WinApiGame\WinApiGame_2DShooting\2DShooting_SeolBin\2DShooting_SeolBin\Game.cpp(56,21): error C2039: 'format': 'std'의 멤버가 아닙니다.
C:\Program Files (x86)\Microsoft Visual Studio\2019\Community\VC\Tools\MSVC\14.29.30133\include\algorithm(40): message : 'std' 선언을 참조하십시오.
C:\ProgramingWorks\WinApiGame\WinApiGame_2DShooting\2DShooting_SeolBin\2DShooting_SeolBin\Game.cpp(56,27): error C3861: 'format': 식별자를 찾을 수 없습니다.
  GameScene.cpp
  The contents of <format> are available only with C++20 or later.
  Utils.cpp
  The contents of <format> are available only with C++20 or later.
  코드를 생성하고 있습니다...
