  ClientPacketHandler.cpp
C:\ProgramingWorks\WinApiGame\WinApiGame_2DShooting\2DShooting_SeolBin\2DShooting_SeolBin\Player.h(94,31): warning C4305: '초기화 중': 'double'에서 'float'(으)로 잘립니다.
C:\ProgramingWorks\WinApiGame\WinApiGame_2DShooting\2DShooting_SeolBin\2DShooting_SeolBin\Player.h(105,20): warning C4305: '초기화 중': 'double'에서 'float'(으)로 잘립니다.
C:\ProgramingWorks\WinApiGame\WinApiGame_2DShooting\2DShooting_SeolBin\2DShooting_SeolBin\MyPlayer.h(34,23): warning C4305: '초기화 중': 'double'에서 'float'(으)로 잘립니다.
C:\ProgramingWorks\WinApiGame\WinApiGame_2DShooting\2DShooting_SeolBin\2DShooting_SeolBin\ClientPacketHandler.cpp(126,39): warning C4244: '인수': 'const int32'에서 'float'(으)로 변환하면서 데이터가 손실될 수 있습니다.
C:\ProgramingWorks\WinApiGame\WinApiGame_2DShooting\2DShooting_SeolBin\2DShooting_SeolBin\ClientPacketHandler.cpp(126,31): warning C4244: '인수': 'const int32'에서 'float'(으)로 변환하면서 데이터가 손실될 수 있습니다.
  DestroyZone.cpp
  Enemy.cpp
C:\ProgramingWorks\WinApiGame\WinApiGame_2DShooting\2DShooting_SeolBin\2DShooting_SeolBin\Player.h(94,31): warning C4305: '초기화 중': 'double'에서 'float'(으)로 잘립니다.
C:\ProgramingWorks\WinApiGame\WinApiGame_2DShooting\2DShooting_SeolBin\2DShooting_SeolBin\Player.h(105,20): warning C4305: '초기화 중': 'double'에서 'float'(으)로 잘립니다.
  EnemyManager.cpp
C:\ProgramingWorks\WinApiGame\WinApiGame_2DShooting\2DShooting_SeolBin\2DShooting_SeolBin\HalfMoonEnemy.h(26,27): warning C4305: '초기화 중': 'double'에서 'float'(으)로 잘립니다.
C:\ProgramingWorks\WinApiGame\WinApiGame_2DShooting\2DShooting_SeolBin\2DShooting_SeolBin\Player.h(94,31): warning C4305: '초기화 중': 'double'에서 'float'(으)로 잘립니다.
C:\ProgramingWorks\WinApiGame\WinApiGame_2DShooting\2DShooting_SeolBin\2DShooting_SeolBin\Player.h(105,20): warning C4305: '초기화 중': 'double'에서 'float'(으)로 잘립니다.
C:\ProgramingWorks\WinApiGame\WinApiGame_2DShooting\2DShooting_SeolBin\2DShooting_SeolBin\WhiteEnemy.h(32,24): warning C4305: '초기화 중': 'double'에서 'float'(으)로 잘립니다.
C:\ProgramingWorks\WinApiGame\WinApiGame_2DShooting\2DShooting_SeolBin\2DShooting_SeolBin\WhiteEnemy.h(40,27): warning C4305: '초기화 중': 'double'에서 'float'(으)로 잘립니다.
C:\ProgramingWorks\WinApiGame\WinApiGame_2DShooting\2DShooting_SeolBin\2DShooting_SeolBin\EnemyManager.cpp(73,104): warning C4244: '인수': 'int'에서 'float'(으)로 변환하면서 데이터가 손실될 수 있습니다.
C:\ProgramingWorks\WinApiGame\WinApiGame_2DShooting\2DShooting_SeolBin\2DShooting_SeolBin\EnemyManager.cpp(88,39): warning C4244: '인수': 'const int32'에서 'float'(으)로 변환하면서 데이터가 손실될 수 있습니다.
C:\ProgramingWorks\WinApiGame\WinApiGame_2DShooting\2DShooting_SeolBin\2DShooting_SeolBin\EnemyManager.cpp(88,31): warning C4244: '인수': 'const int32'에서 'float'(으)로 변환하면서 데이터가 손실될 수 있습니다.
C:\ProgramingWorks\WinApiGame\WinApiGame_2DShooting\2DShooting_SeolBin\2DShooting_SeolBin\EnemyManager.cpp(97,113): warning C4244: '인수': 'int'에서 'float'(으)로 변환하면서 데이터가 손실될 수 있습니다.
C:\ProgramingWorks\WinApiGame\WinApiGame_2DShooting\2DShooting_SeolBin\2DShooting_SeolBin\EnemyManager.cpp(112,39): warning C4244: '인수': 'const int32'에서 'float'(으)로 변환하면서 데이터가 손실될 수 있습니다.
C:\ProgramingWorks\WinApiGame\WinApiGame_2DShooting\2DShooting_SeolBin\2DShooting_SeolBin\EnemyManager.cpp(112,31): warning C4244: '인수': 'const int32'에서 'float'(으)로 변환하면서 데이터가 손실될 수 있습니다.
C:\ProgramingWorks\WinApiGame\WinApiGame_2DShooting\2DShooting_SeolBin\2DShooting_SeolBin\EnemyManager.cpp(164,38): warning C4244: '인수': 'const int32'에서 'float'(으)로 변환하면서 데이터가 손실될 수 있습니다.
C:\ProgramingWorks\WinApiGame\WinApiGame_2DShooting\2DShooting_SeolBin\2DShooting_SeolBin\EnemyManager.cpp(164,30): warning C4244: '인수': 'const int32'에서 'float'(으)로 변환하면서 데이터가 손실될 수 있습니다.
  EnemyMissile.cpp
  HalfMoonEnemy.cpp
C:\ProgramingWorks\WinApiGame\WinApiGame_2DShooting\2DShooting_SeolBin\2DShooting_SeolBin\HalfMoonEnemy.h(26,27): warning C4305: '초기화 중': 'double'에서 'float'(으)로 잘립니다.
C:\ProgramingWorks\WinApiGame\WinApiGame_2DShooting\2DShooting_SeolBin\2DShooting_SeolBin\Player.h(94,31): warning C4305: '초기화 중': 'double'에서 'float'(으)로 잘립니다.
C:\ProgramingWorks\WinApiGame\WinApiGame_2DShooting\2DShooting_SeolBin\2DShooting_SeolBin\Player.h(105,20): warning C4305: '초기화 중': 'double'에서 'float'(으)로 잘립니다.
  MyPlayer.cpp
C:\ProgramingWorks\WinApiGame\WinApiGame_2DShooting\2DShooting_SeolBin\2DShooting_SeolBin\Player.h(94,31): warning C4305: '초기화 중': 'double'에서 'float'(으)로 잘립니다.
C:\ProgramingWorks\WinApiGame\WinApiGame_2DShooting\2DShooting_SeolBin\2DShooting_SeolBin\Player.h(105,20): warning C4305: '초기화 중': 'double'에서 'float'(으)로 잘립니다.
C:\ProgramingWorks\WinApiGame\WinApiGame_2DShooting\2DShooting_SeolBin\2DShooting_SeolBin\MyPlayer.h(34,23): warning C4305: '초기화 중': 'double'에서 'float'(으)로 잘립니다.
  Scene.cpp
C:\ProgramingWorks\WinApiGame\WinApiGame_2DShooting\2DShooting_SeolBin\2DShooting_SeolBin\Player.h(94,31): warning C4305: '초기화 중': 'double'에서 'float'(으)로 잘립니다.
C:\ProgramingWorks\WinApiGame\WinApiGame_2DShooting\2DShooting_SeolBin\2DShooting_SeolBin\Player.h(105,20): warning C4305: '초기화 중': 'double'에서 'float'(으)로 잘립니다.
C:\ProgramingWorks\WinApiGame\WinApiGame_2DShooting\2DShooting_SeolBin\2DShooting_SeolBin\Scene.cpp(169,12): warning C4244: '초기화 중': 'uint64_t'에서 'int32'(으)로 변환하면서 데이터가 손실될 수 있습니다.
  WhiteEnemy.cpp
C:\ProgramingWorks\WinApiGame\WinApiGame_2DShooting\2DShooting_SeolBin\2DShooting_SeolBin\WhiteEnemy.h(32,24): warning C4305: '초기화 중': 'double'에서 'float'(으)로 잘립니다.
C:\ProgramingWorks\WinApiGame\WinApiGame_2DShooting\2DShooting_SeolBin\2DShooting_SeolBin\WhiteEnemy.h(40,27): warning C4305: '초기화 중': 'double'에서 'float'(으)로 잘립니다.
C:\ProgramingWorks\WinApiGame\WinApiGame_2DShooting\2DShooting_SeolBin\2DShooting_SeolBin\Player.h(94,31): warning C4305: '초기화 중': 'double'에서 'float'(으)로 잘립니다.
C:\ProgramingWorks\WinApiGame\WinApiGame_2DShooting\2DShooting_SeolBin\2DShooting_SeolBin\Player.h(105,20): warning C4305: '초기화 중': 'double'에서 'float'(으)로 잘립니다.
  코드를 생성하고 있습니다...
  2DShooting_SeolBin.vcxproj -> C:\ProgramingWorks\WinApiGame\WinApiGame_2DShooting\x64\Debug\2DShooting_SeolBin.exe
