c:\programingworks\winapigame\winapigame_2dshooting\2dshooting_seolbin\2dshooting_seolbin\x64\debug\vc142.pdb
c:\programingworks\winapigame\winapigame_2dshooting\2dshooting_seolbin\2dshooting_seolbin\x64\debug\vc142.idb
c:\programingworks\winapigame\winapigame_2dshooting\2dshooting_seolbin\2dshooting_seolbin\x64\debug\soundmanager.obj
c:\programingworks\winapigame\winapigame_2dshooting\2dshooting_seolbin\2dshooting_seolbin\x64\debug\resourcemanager.obj
c:\programingworks\winapigame\winapigame_2dshooting\2dshooting_seolbin\2dshooting_seolbin\x64\debug\game.obj
c:\programingworks\winapigame\winapigame_2dshooting\2dshooting_seolbin\2dshooting_seolbin\x64\debug\devscene.obj
c:\programingworks\winapigame\winapigame_2dshooting\2dshooting_seolbin\2dshooting_seolbin\x64\debug\2dshooting_seolbin.pch
c:\programingworks\winapigame\winapigame_2dshooting\2dshooting_seolbin\2dshooting_seolbin\x64\debug\pch.obj
c:\programingworks\winapigame\winapigame_2dshooting\2dshooting_seolbin\2dshooting_seolbin\x64\debug\sprite.obj
c:\programingworks\winapigame\winapigame_2dshooting\2dshooting_seolbin\2dshooting_seolbin\x64\debug\spherecollider.obj
c:\programingworks\winapigame\winapigame_2dshooting\2dshooting_seolbin\2dshooting_seolbin\x64\debug\sound.obj
c:\programingworks\winapigame\winapigame_2dshooting\2dshooting_seolbin\2dshooting_seolbin\x64\debug\scenemanager.obj
c:\programingworks\winapigame\winapigame_2dshooting\2dshooting_seolbin\2dshooting_seolbin\x64\debug\scene.obj
c:\programingworks\winapigame\winapigame_2dshooting\2dshooting_seolbin\2dshooting_seolbin\x64\debug\resourcebase.obj
c:\programingworks\winapigame\winapigame_2dshooting\2dshooting_seolbin\2dshooting_seolbin\x64\debug\inputmanager.obj
c:\programingworks\winapigame\winapigame_2dshooting\2dshooting_seolbin\2dshooting_seolbin\x64\debug\gamescene.obj
c:\programingworks\winapigame\winapigame_2dshooting\2dshooting_seolbin\2dshooting_seolbin\x64\debug\flipbookactor.obj
c:\programingworks\winapigame\winapigame_2dshooting\2dshooting_seolbin\2dshooting_seolbin\x64\debug\flipbook.obj
c:\programingworks\winapigame\winapigame_2dshooting\2dshooting_seolbin\2dshooting_seolbin\x64\debug\editscene.obj
c:\programingworks\winapigame\winapigame_2dshooting\2dshooting_seolbin\2dshooting_seolbin\x64\debug\component.obj
c:\programingworks\winapigame\winapigame_2dshooting\2dshooting_seolbin\2dshooting_seolbin\x64\debug\collider.obj
c:\programingworks\winapigame\winapigame_2dshooting\2dshooting_seolbin\2dshooting_seolbin\x64\debug\boxcollider.obj
c:\programingworks\winapigame\winapigame_2dshooting\2dshooting_seolbin\2dshooting_seolbin\x64\debug\actor.obj
c:\programingworks\winapigame\winapigame_2dshooting\2dshooting_seolbin\2dshooting_seolbin\x64\debug\2dshooting_seolbin.obj
c:\programingworks\winapigame\winapigame_2dshooting\2dshooting_seolbin\2dshooting_seolbin\x64\debug\utils.obj
c:\programingworks\winapigame\winapigame_2dshooting\2dshooting_seolbin\2dshooting_seolbin\x64\debug\ui.obj
c:\programingworks\winapigame\winapigame_2dshooting\2dshooting_seolbin\2dshooting_seolbin\x64\debug\timemanager.obj
c:\programingworks\winapigame\winapigame_2dshooting\2dshooting_seolbin\2dshooting_seolbin\x64\debug\tilemap.obj
c:\programingworks\winapigame\winapigame_2dshooting\2dshooting_seolbin\2dshooting_seolbin\x64\debug\texture.obj
c:\programingworks\winapigame\winapigame_2dshooting\2dshooting_seolbin\2dshooting_seolbin\x64\debug\spriteactor.obj
c:\programingworks\winapigame\winapigame_2dshooting\2dshooting_seolbin\x64\debug\2dshooting_seolbin.exe
c:\programingworks\winapigame\winapigame_2dshooting\2dshooting_seolbin\2dshooting_seolbin\x64\debug\2dshooting_seolbin.ilk
c:\programingworks\winapigame\winapigame_2dshooting\2dshooting_seolbin\x64\debug\2dshooting_seolbin.pdb
c:\programingworks\winapigame\winapigame_2dshooting\2dshooting_seolbin\2dshooting_seolbin\x64\debug\2dshooting_seolbin.res
c:\programingworks\winapigame\winapigame_2dshooting\2dshooting_seolbin\2dshooting_seolbin\x64\debug\linemesh.obj
c:\programingworks\winapigame\winapigame_2dshooting\2dshooting_seolbin\2dshooting_seolbin\x64\debug\2dshooti.02489cbe.tlog\cl.command.1.tlog
c:\programingworks\winapigame\winapigame_2dshooting\2dshooting_seolbin\2dshooting_seolbin\x64\debug\2dshooti.02489cbe.tlog\cl.read.1.tlog
c:\programingworks\winapigame\winapigame_2dshooting\2dshooting_seolbin\2dshooting_seolbin\x64\debug\2dshooti.02489cbe.tlog\cl.write.1.tlog
c:\programingworks\winapigame\winapigame_2dshooting\2dshooting_seolbin\2dshooting_seolbin\x64\debug\2dshooti.02489cbe.tlog\link.command.1.tlog
c:\programingworks\winapigame\winapigame_2dshooting\2dshooting_seolbin\2dshooting_seolbin\x64\debug\2dshooti.02489cbe.tlog\link.read.1.tlog
c:\programingworks\winapigame\winapigame_2dshooting\2dshooting_seolbin\2dshooting_seolbin\x64\debug\2dshooti.02489cbe.tlog\link.write.1.tlog
c:\programingworks\winapigame\winapigame_2dshooting\2dshooting_seolbin\2dshooting_seolbin\x64\debug\2dshooti.02489cbe.tlog\rc.command.1.tlog
c:\programingworks\winapigame\winapigame_2dshooting\2dshooting_seolbin\2dshooting_seolbin\x64\debug\2dshooti.02489cbe.tlog\rc.read.1.tlog
c:\programingworks\winapigame\winapigame_2dshooting\2dshooting_seolbin\2dshooting_seolbin\x64\debug\2dshooti.02489cbe.tlog\rc.write.1.tlog
