  2DShooting_SeolBin.cpp
C:\Program Files\Microsoft Visual Studio\2022\Community\VC\Tools\MSVC\14.40.33807\include\format(42): warning STL4038: The contents of <format> are available only with C++20 or later.
C:\Program Files\Microsoft Visual Studio\2022\Community\VC\Tools\MSVC\14.40.33807\include\filesystem(12): warning STL4038: The contents of <filesystem> are available only with C++17 or later.
C:\ProgramingWorks\WinApiGame\WinApiGame_2DShooting\2DShooting_SeolBin\2DShooting_SeolBin\pch.h(22,21): error C2039: 'filesystem': 'std'의 멤버가 아닙니다.
C:\ProgramingWorks\WinApiGame\WinApiGame_2DShooting\2DShooting_SeolBin\2DShooting_SeolBin\pch.h(22,21): error C2878: 'filesystem': 같은 이름을 가진 네임스페이스 또는 클래스가 없습니다.
C:\ProgramingWorks\WinApiGame\WinApiGame_2DShooting\2DShooting_SeolBin\2DShooting_SeolBin\2DShooting_SeolBin.cpp(144,13): warning C4273: 'AllocConsole': dll 연결이 일치하지 않습니다.
  Actor.cpp
C:\Program Files\Microsoft Visual Studio\2022\Community\VC\Tools\MSVC\14.40.33807\include\format(42): warning STL4038: The contents of <format> are available only with C++20 or later.
C:\Program Files\Microsoft Visual Studio\2022\Community\VC\Tools\MSVC\14.40.33807\include\filesystem(12): warning STL4038: The contents of <filesystem> are available only with C++17 or later.
C:\ProgramingWorks\WinApiGame\WinApiGame_2DShooting\2DShooting_SeolBin\2DShooting_SeolBin\pch.h(22,21): error C2039: 'filesystem': 'std'의 멤버가 아닙니다.
C:\ProgramingWorks\WinApiGame\WinApiGame_2DShooting\2DShooting_SeolBin\2DShooting_SeolBin\pch.h(22,21): error C2878: 'filesystem': 같은 이름을 가진 네임스페이스 또는 클래스가 없습니다.
  Background.cpp
C:\Program Files\Microsoft Visual Studio\2022\Community\VC\Tools\MSVC\14.40.33807\include\format(42): warning STL4038: The contents of <format> are available only with C++20 or later.
C:\Program Files\Microsoft Visual Studio\2022\Community\VC\Tools\MSVC\14.40.33807\include\filesystem(12): warning STL4038: The contents of <filesystem> are available only with C++17 or later.
C:\ProgramingWorks\WinApiGame\WinApiGame_2DShooting\2DShooting_SeolBin\2DShooting_SeolBin\pch.h(22,21): error C2039: 'filesystem': 'std'의 멤버가 아닙니다.
C:\ProgramingWorks\WinApiGame\WinApiGame_2DShooting\2DShooting_SeolBin\2DShooting_SeolBin\pch.h(22,21): error C2878: 'filesystem': 같은 이름을 가진 네임스페이스 또는 클래스가 없습니다.
C:\ProgramingWorks\WinApiGame\WinApiGame_2DShooting\2DShooting_SeolBin\2DShooting_SeolBin\Background.cpp(18,35): warning C4244: '=': 'int32'에서 'float'(으)로 변환하면서 데이터가 손실될 수 있습니다.
C:\ProgramingWorks\WinApiGame\WinApiGame_2DShooting\2DShooting_SeolBin\2DShooting_SeolBin\Background.cpp(19,34): warning C4244: '=': 'int32'에서 'float'(으)로 변환하면서 데이터가 손실될 수 있습니다.
  BoxCollider.cpp
C:\Program Files\Microsoft Visual Studio\2022\Community\VC\Tools\MSVC\14.40.33807\include\format(42): warning STL4038: The contents of <format> are available only with C++20 or later.
C:\Program Files\Microsoft Visual Studio\2022\Community\VC\Tools\MSVC\14.40.33807\include\filesystem(12): warning STL4038: The contents of <filesystem> are available only with C++17 or later.
C:\ProgramingWorks\WinApiGame\WinApiGame_2DShooting\2DShooting_SeolBin\2DShooting_SeolBin\pch.h(22,21): error C2039: 'filesystem': 'std'의 멤버가 아닙니다.
C:\ProgramingWorks\WinApiGame\WinApiGame_2DShooting\2DShooting_SeolBin\2DShooting_SeolBin\pch.h(22,21): error C2878: 'filesystem': 같은 이름을 가진 네임스페이스 또는 클래스가 없습니다.
C:\ProgramingWorks\WinApiGame\WinApiGame_2DShooting\2DShooting_SeolBin\2DShooting_SeolBin\BoxCollider.cpp(42,42): warning C4244: '인수': 'float'에서 'int32'(으)로 변환하면서 데이터가 손실될 수 있습니다.
C:\ProgramingWorks\WinApiGame\WinApiGame_2DShooting\2DShooting_SeolBin\2DShooting_SeolBin\BoxCollider.cpp(42,33): warning C4244: '인수': 'float'에서 'int32'(으)로 변환하면서 데이터가 손실될 수 있습니다.
  CameraComponent.cpp
C:\Program Files\Microsoft Visual Studio\2022\Community\VC\Tools\MSVC\14.40.33807\include\format(42): warning STL4038: The contents of <format> are available only with C++20 or later.
C:\Program Files\Microsoft Visual Studio\2022\Community\VC\Tools\MSVC\14.40.33807\include\filesystem(12): warning STL4038: The contents of <filesystem> are available only with C++17 or later.
C:\ProgramingWorks\WinApiGame\WinApiGame_2DShooting\2DShooting_SeolBin\2DShooting_SeolBin\pch.h(22,21): error C2039: 'filesystem': 'std'의 멤버가 아닙니다.
C:\ProgramingWorks\WinApiGame\WinApiGame_2DShooting\2DShooting_SeolBin\2DShooting_SeolBin\pch.h(22,21): error C2878: 'filesystem': 같은 이름을 가진 네임스페이스 또는 클래스가 없습니다.
C:\ProgramingWorks\WinApiGame\WinApiGame_2DShooting\2DShooting_SeolBin\2DShooting_SeolBin\CameraComponent.cpp(28,12): error C2039: 'clamp': '`global namespace''의 멤버가 아닙니다.
C:\ProgramingWorks\WinApiGame\WinApiGame_2DShooting\2DShooting_SeolBin\2DShooting_SeolBin\CameraComponent.cpp(28,12): error C3861: 'clamp': 식별자를 찾을 수 없습니다.
C:\ProgramingWorks\WinApiGame\WinApiGame_2DShooting\2DShooting_SeolBin\2DShooting_SeolBin\CameraComponent.cpp(29,12): error C2039: 'clamp': '`global namespace''의 멤버가 아닙니다.
C:\ProgramingWorks\WinApiGame\WinApiGame_2DShooting\2DShooting_SeolBin\2DShooting_SeolBin\CameraComponent.cpp(29,12): error C3861: 'clamp': 식별자를 찾을 수 없습니다.
  ClientPacketHandler.cpp
C:\Program Files\Microsoft Visual Studio\2022\Community\VC\Tools\MSVC\14.40.33807\include\format(42): warning STL4038: The contents of <format> are available only with C++20 or later.
C:\Program Files\Microsoft Visual Studio\2022\Community\VC\Tools\MSVC\14.40.33807\include\filesystem(12): warning STL4038: The contents of <filesystem> are available only with C++17 or later.
C:\ProgramingWorks\WinApiGame\WinApiGame_2DShooting\2DShooting_SeolBin\2DShooting_SeolBin\pch.h(22,21): error C2039: 'filesystem': 'std'의 멤버가 아닙니다.
C:\ProgramingWorks\WinApiGame\WinApiGame_2DShooting\2DShooting_SeolBin\2DShooting_SeolBin\pch.h(22,21): error C2878: 'filesystem': 같은 이름을 가진 네임스페이스 또는 클래스가 없습니다.
C:\ProgramingWorks\WinApiGame\WinApiGame_2DShooting\2DShooting_SeolBin\2DShooting_SeolBin\Player.h(96,31): warning C4305: '초기화 중': 'double'에서 'float'(으)로 잘립니다.
C:\ProgramingWorks\WinApiGame\WinApiGame_2DShooting\2DShooting_SeolBin\2DShooting_SeolBin\Player.h(107,20): warning C4305: '초기화 중': 'double'에서 'float'(으)로 잘립니다.
C:\ProgramingWorks\WinApiGame\WinApiGame_2DShooting\2DShooting_SeolBin\2DShooting_SeolBin\MyPlayer.h(34,23): warning C4305: '초기화 중': 'double'에서 'float'(으)로 잘립니다.
C:\ProgramingWorks\WinApiGame\WinApiGame_2DShooting\2DShooting_SeolBin\2DShooting_SeolBin\ClientPacketHandler.cpp(132,39): warning C4244: '인수': 'const int32'에서 'float'(으)로 변환하면서 데이터가 손실될 수 있습니다.
C:\ProgramingWorks\WinApiGame\WinApiGame_2DShooting\2DShooting_SeolBin\2DShooting_SeolBin\ClientPacketHandler.cpp(132,31): warning C4244: '인수': 'const int32'에서 'float'(으)로 변환하면서 데이터가 손실될 수 있습니다.
  Collider.cpp
C:\Program Files\Microsoft Visual Studio\2022\Community\VC\Tools\MSVC\14.40.33807\include\format(42): warning STL4038: The contents of <format> are available only with C++20 or later.
C:\Program Files\Microsoft Visual Studio\2022\Community\VC\Tools\MSVC\14.40.33807\include\filesystem(12): warning STL4038: The contents of <filesystem> are available only with C++17 or later.
C:\ProgramingWorks\WinApiGame\WinApiGame_2DShooting\2DShooting_SeolBin\2DShooting_SeolBin\pch.h(22,21): error C2039: 'filesystem': 'std'의 멤버가 아닙니다.
C:\ProgramingWorks\WinApiGame\WinApiGame_2DShooting\2DShooting_SeolBin\2DShooting_SeolBin\pch.h(22,21): error C2878: 'filesystem': 같은 이름을 가진 네임스페이스 또는 클래스가 없습니다.
C:\ProgramingWorks\WinApiGame\WinApiGame_2DShooting\2DShooting_SeolBin\2DShooting_SeolBin\Player.h(96,31): warning C4305: '초기화 중': 'double'에서 'float'(으)로 잘립니다.
C:\ProgramingWorks\WinApiGame\WinApiGame_2DShooting\2DShooting_SeolBin\2DShooting_SeolBin\Player.h(107,20): warning C4305: '초기화 중': 'double'에서 'float'(으)로 잘립니다.
  CollisionManager.cpp
C:\Program Files\Microsoft Visual Studio\2022\Community\VC\Tools\MSVC\14.40.33807\include\format(42): warning STL4038: The contents of <format> are available only with C++20 or later.
C:\Program Files\Microsoft Visual Studio\2022\Community\VC\Tools\MSVC\14.40.33807\include\filesystem(12): warning STL4038: The contents of <filesystem> are available only with C++17 or later.
C:\ProgramingWorks\WinApiGame\WinApiGame_2DShooting\2DShooting_SeolBin\2DShooting_SeolBin\pch.h(22,21): error C2039: 'filesystem': 'std'의 멤버가 아닙니다.
C:\ProgramingWorks\WinApiGame\WinApiGame_2DShooting\2DShooting_SeolBin\2DShooting_SeolBin\pch.h(22,21): error C2878: 'filesystem': 같은 이름을 가진 네임스페이스 또는 클래스가 없습니다.
C:\ProgramingWorks\WinApiGame\WinApiGame_2DShooting\2DShooting_SeolBin\2DShooting_SeolBin\CollisionManager.cpp(24,28): error C2039: 'contains': 'std::unordered_set<Collider *,std::hash<Collider *>,std::equal_to<Collider *>,std::allocator<Collider *>>'의 멤버가 아닙니다.
C:\ProgramingWorks\WinApiGame\WinApiGame_2DShooting\2DShooting_SeolBin\2DShooting_SeolBin\CollisionManager.cpp(34,28): error C2039: 'contains': 'std::unordered_set<Collider *,std::hash<Collider *>,std::equal_to<Collider *>,std::allocator<Collider *>>'의 멤버가 아닙니다.
  Component.cpp
C:\Program Files\Microsoft Visual Studio\2022\Community\VC\Tools\MSVC\14.40.33807\include\format(42): warning STL4038: The contents of <format> are available only with C++20 or later.
C:\Program Files\Microsoft Visual Studio\2022\Community\VC\Tools\MSVC\14.40.33807\include\filesystem(12): warning STL4038: The contents of <filesystem> are available only with C++17 or later.
C:\ProgramingWorks\WinApiGame\WinApiGame_2DShooting\2DShooting_SeolBin\2DShooting_SeolBin\pch.h(22,21): error C2039: 'filesystem': 'std'의 멤버가 아닙니다.
C:\ProgramingWorks\WinApiGame\WinApiGame_2DShooting\2DShooting_SeolBin\2DShooting_SeolBin\pch.h(22,21): error C2878: 'filesystem': 같은 이름을 가진 네임스페이스 또는 클래스가 없습니다.
  DestroyZone.cpp
C:\Program Files\Microsoft Visual Studio\2022\Community\VC\Tools\MSVC\14.40.33807\include\format(42): warning STL4038: The contents of <format> are available only with C++20 or later.
C:\Program Files\Microsoft Visual Studio\2022\Community\VC\Tools\MSVC\14.40.33807\include\filesystem(12): warning STL4038: The contents of <filesystem> are available only with C++17 or later.
C:\ProgramingWorks\WinApiGame\WinApiGame_2DShooting\2DShooting_SeolBin\2DShooting_SeolBin\pch.h(22,21): error C2039: 'filesystem': 'std'의 멤버가 아닙니다.
C:\ProgramingWorks\WinApiGame\WinApiGame_2DShooting\2DShooting_SeolBin\2DShooting_SeolBin\pch.h(22,21): error C2878: 'filesystem': 같은 이름을 가진 네임스페이스 또는 클래스가 없습니다.
  DevScene.cpp
C:\Program Files\Microsoft Visual Studio\2022\Community\VC\Tools\MSVC\14.40.33807\include\format(42): warning STL4038: The contents of <format> are available only with C++20 or later.
C:\Program Files\Microsoft Visual Studio\2022\Community\VC\Tools\MSVC\14.40.33807\include\filesystem(12): warning STL4038: The contents of <filesystem> are available only with C++17 or later.
C:\ProgramingWorks\WinApiGame\WinApiGame_2DShooting\2DShooting_SeolBin\2DShooting_SeolBin\pch.h(22,21): error C2039: 'filesystem': 'std'의 멤버가 아닙니다.
C:\ProgramingWorks\WinApiGame\WinApiGame_2DShooting\2DShooting_SeolBin\2DShooting_SeolBin\pch.h(22,21): error C2878: 'filesystem': 같은 이름을 가진 네임스페이스 또는 클래스가 없습니다.
C:\ProgramingWorks\WinApiGame\WinApiGame_2DShooting\2DShooting_SeolBin\2DShooting_SeolBin\ResourceManager.h(18,23): error C2653: 'fs': 클래스 또는 네임스페이스 이름이 아닙니다.
C:\ProgramingWorks\WinApiGame\WinApiGame_2DShooting\2DShooting_SeolBin\2DShooting_SeolBin\ResourceManager.h(18,27): error C2061: 구문 오류: 식별자 'path'
C:\ProgramingWorks\WinApiGame\WinApiGame_2DShooting\2DShooting_SeolBin\2DShooting_SeolBin\ResourceManager.h(21,8): error C2653: 'fs': 클래스 또는 네임스페이스 이름이 아닙니다.
C:\ProgramingWorks\WinApiGame\WinApiGame_2DShooting\2DShooting_SeolBin\2DShooting_SeolBin\ResourceManager.h(21,2): error C4430: 형식 지정자가 없습니다. int로 가정합니다. 참고: C++에서는 기본 int를 지원하지 않습니다.
C:\ProgramingWorks\WinApiGame\WinApiGame_2DShooting\2DShooting_SeolBin\2DShooting_SeolBin\ResourceManager.h(21,16): error C2143: 구문 오류: ';'이(가) '&' 앞에 없습니다.
C:\ProgramingWorks\WinApiGame\WinApiGame_2DShooting\2DShooting_SeolBin\2DShooting_SeolBin\ResourceManager.h(21,36): error C2334: '{' 앞에 예기치 않은 토큰이 있습니다. 명백한 함수 본문을 건너뜁니다.
C:\ProgramingWorks\WinApiGame\WinApiGame_2DShooting\2DShooting_SeolBin\2DShooting_SeolBin\ResourceManager.h(43,2): error C2653: 'fs': 클래스 또는 네임스페이스 이름이 아닙니다.
C:\ProgramingWorks\WinApiGame\WinApiGame_2DShooting\2DShooting_SeolBin\2DShooting_SeolBin\ResourceManager.h(43,11): error C3646: '_resourcePath': 알 수 없는 재정의 지정자입니다.
C:\ProgramingWorks\WinApiGame\WinApiGame_2DShooting\2DShooting_SeolBin\2DShooting_SeolBin\ResourceManager.h(43,6): error C4430: 형식 지정자가 없습니다. int로 가정합니다. 참고: C++에서는 기본 int를 지원하지 않습니다.
C:\ProgramingWorks\WinApiGame\WinApiGame_2DShooting\2DShooting_SeolBin\2DShooting_SeolBin\ResourceManager.h(13,2): error C2789: 'ResourceManager::path': const 한정 형식의 개체를 초기화해야 합니다.
C:\ProgramingWorks\WinApiGame\WinApiGame_2DShooting\2DShooting_SeolBin\2DShooting_SeolBin\Player.h(96,31): warning C4305: '초기화 중': 'double'에서 'float'(으)로 잘립니다.
C:\ProgramingWorks\WinApiGame\WinApiGame_2DShooting\2DShooting_SeolBin\2DShooting_SeolBin\Player.h(107,20): warning C4305: '초기화 중': 'double'에서 'float'(으)로 잘립니다.
C:\ProgramingWorks\WinApiGame\WinApiGame_2DShooting\2DShooting_SeolBin\2DShooting_SeolBin\DevScene.cpp(144,15): warning C4244: '초기화 중': 'const int32'에서 'float'(으)로 변환하면서 데이터가 손실될 수 있습니다.
C:\ProgramingWorks\WinApiGame\WinApiGame_2DShooting\2DShooting_SeolBin\2DShooting_SeolBin\DevScene.cpp(145,34): warning C4244: '인수': 'int'에서 'float'(으)로 변환하면서 데이터가 손실될 수 있습니다.
C:\ProgramingWorks\WinApiGame\WinApiGame_2DShooting\2DShooting_SeolBin\2DShooting_SeolBin\DevScene.cpp(154,15): warning C4244: '초기화 중': 'int'에서 'float'(으)로 변환하면서 데이터가 손실될 수 있습니다.
C:\ProgramingWorks\WinApiGame\WinApiGame_2DShooting\2DShooting_SeolBin\2DShooting_SeolBin\DevScene.cpp(155,35): warning C4244: '인수': 'int'에서 'float'(으)로 변환하면서 데이터가 손실될 수 있습니다.
C:\ProgramingWorks\WinApiGame\WinApiGame_2DShooting\2DShooting_SeolBin\2DShooting_SeolBin\DevScene.cpp(164,15): warning C4244: '초기화 중': 'int'에서 'float'(으)로 변환하면서 데이터가 손실될 수 있습니다.
C:\ProgramingWorks\WinApiGame\WinApiGame_2DShooting\2DShooting_SeolBin\2DShooting_SeolBin\DevScene.cpp(165,35): warning C4244: '인수': 'int'에서 'float'(으)로 변환하면서 데이터가 손실될 수 있습니다.
  EditScene.cpp
C:\Program Files\Microsoft Visual Studio\2022\Community\VC\Tools\MSVC\14.40.33807\include\format(42): warning STL4038: The contents of <format> are available only with C++20 or later.
C:\Program Files\Microsoft Visual Studio\2022\Community\VC\Tools\MSVC\14.40.33807\include\filesystem(12): warning STL4038: The contents of <filesystem> are available only with C++17 or later.
C:\ProgramingWorks\WinApiGame\WinApiGame_2DShooting\2DShooting_SeolBin\2DShooting_SeolBin\pch.h(22,21): error C2039: 'filesystem': 'std'의 멤버가 아닙니다.
C:\ProgramingWorks\WinApiGame\WinApiGame_2DShooting\2DShooting_SeolBin\2DShooting_SeolBin\pch.h(22,21): error C2878: 'filesystem': 같은 이름을 가진 네임스페이스 또는 클래스가 없습니다.
C:\ProgramingWorks\WinApiGame\WinApiGame_2DShooting\2DShooting_SeolBin\2DShooting_SeolBin\EditScene.cpp(80,23): error C2039: 'format': 'std'의 멤버가 아닙니다.
C:\ProgramingWorks\WinApiGame\WinApiGame_2DShooting\2DShooting_SeolBin\2DShooting_SeolBin\EditScene.cpp(80,23): error C3861: 'format': 식별자를 찾을 수 없습니다.
  Enemy.cpp
