c:\programingworks\winapigame\winapigame_2dshooting\server\x64\debug\server.pch
c:\programingworks\winapigame\winapigame_2dshooting\server\x64\debug\vc143.pdb
c:\programingworks\winapigame\winapigame_2dshooting\server\x64\debug\vc143.idb
c:\programingworks\winapigame\winapigame_2dshooting\server\x64\debug\pch.obj
c:\programingworks\winapigame\winapigame_2dshooting\server\x64\debug\serverpackethandler.obj
c:\programingworks\winapigame\winapigame_2dshooting\server\x64\debug\server.obj
c:\programingworks\winapigame\winapigame_2dshooting\server\x64\debug\player.obj
c:\programingworks\winapigame\winapigame_2dshooting\server\x64\debug\gamesessionmanager.obj
c:\programingworks\winapigame\winapigame_2dshooting\server\x64\debug\gamesession.obj
c:\programingworks\winapigame\winapigame_2dshooting\server\x64\debug\gameroom.obj
c:\programingworks\winapigame\winapigame_2dshooting\server\x64\debug\enemy.obj
c:\programingworks\winapigame\winapigame_2dshooting\server\x64\debug\actor.obj
c:\programingworks\winapigame\winapigame_2dshooting\server\x64\debug\struct.pb.obj
c:\programingworks\winapigame\winapigame_2dshooting\server\x64\debug\protocol.pb.obj
c:\programingworks\winapigame\winapigame_2dshooting\server\x64\debug\enum.pb.obj
c:\programingworks\winapigame\winapigame_2dshooting\binaries\x64\server.exe
c:\programingworks\winapigame\winapigame_2dshooting\binaries\x64\server.pdb
c:\programingworks\winapigame\winapigame_2dshooting\server\x64\debug\server.ilk
c:\programingworks\winapigame\winapigame_2dshooting\server\x64\debug\server.tlog\cl.command.1.tlog
c:\programingworks\winapigame\winapigame_2dshooting\server\x64\debug\server.tlog\cl.items.tlog
c:\programingworks\winapigame\winapigame_2dshooting\server\x64\debug\server.tlog\cl.read.1.tlog
c:\programingworks\winapigame\winapigame_2dshooting\server\x64\debug\server.tlog\cl.write.1.tlog
c:\programingworks\winapigame\winapigame_2dshooting\server\x64\debug\server.tlog\link.command.1.tlog
c:\programingworks\winapigame\winapigame_2dshooting\server\x64\debug\server.tlog\link.read.1.tlog
c:\programingworks\winapigame\winapigame_2dshooting\server\x64\debug\server.tlog\link.secondary.1.tlog
c:\programingworks\winapigame\winapigame_2dshooting\server\x64\debug\server.tlog\link.write.1.tlog
