Protocol.proto(4,1): warning G1A4DC0EC: Import Enum.proto is unused.
  C:Enum.pb.h
  1개 파일이 복사되었습니다.
  C:Enum.pb.cc
  1개 파일이 복사되었습니다.
  C:Struct.pb.h
  1개 파일이 복사되었습니다.
  C:Struct.pb.cc
  1개 파일이 복사되었습니다.
  C:Protocol.pb.h
  1개 파일이 복사되었습니다.
  C:Protocol.pb.cc
  1개 파일이 복사되었습니다.
  C:Enum.pb.h
  1개 파일이 복사되었습니다.
  C:Enum.pb.cc
  1개 파일이 복사되었습니다.
  C:Struct.pb.h
  1개 파일이 복사되었습니다.
  C:Struct.pb.cc
  1개 파일이 복사되었습니다.
  C:Protocol.pb.h
  1개 파일이 복사되었습니다.
  C:Protocol.pb.cc
  1개 파일이 복사되었습니다.
  C:Enum.pb.h
  1개 파일이 복사되었습니다.
  C:Enum.pb.cc
  1개 파일이 복사되었습니다.
  C:Struct.pb.h
  1개 파일이 복사되었습니다.
  C:Struct.pb.cc
  1개 파일이 복사되었습니다.
  C:Protocol.pb.h
  1개 파일이 복사되었습니다.
  C:Protocol.pb.cc
  1개 파일이 복사되었습니다.
  C:\ProgramingWorks\WinApiGame\WinApiGame_2DShooting\Common\protoc-21.12-win64\bin\*.h을(를) 찾을 수 없습니다.
  계속하려면 아무 키나 누르십시오 . . . 
  pch.cpp
  Actor.cpp
C:\ProgramingWorks\WinApiGame\WinApiGame_2DShooting\Server\WhiteEnemy.h(20,24): warning C4305: '초기화 중': 'double'에서 'float'(으)로 잘립니다.
  Enemy.cpp
  GameRoom.cpp
  GameSession.cpp
  GameSessionManager.cpp
  HalfEnemy.cpp
  Player.cpp
  SBoxCollider.cpp
  SCollider.cpp
C:\ProgramingWorks\WinApiGame\WinApiGame_2DShooting\Server\SCollider.cpp(12,10): warning C4477: 'printf' : 서식 문자열 '%d'에 'int' 형식의 인수가 필요하지만 variadic 인수 1의 형식이 'int64'입니다.
C:\ProgramingWorks\WinApiGame\WinApiGame_2DShooting\Server\SCollider.cpp(12,10): warning C4477: 'printf' : 서식 문자열 '%d'에 'int' 형식의 인수가 필요하지만 variadic 인수 2의 형식이 'unsigned __int64'입니다.
C:\ProgramingWorks\WinApiGame\WinApiGame_2DShooting\Server\SCollider.cpp(32,10): warning C4477: 'printf' : 서식 문자열 '%d'에 'int' 형식의 인수가 필요하지만 variadic 인수 1의 형식이 'int64'입니다.
C:\ProgramingWorks\WinApiGame\WinApiGame_2DShooting\Server\SCollider.cpp(32,10): warning C4477: 'printf' : 서식 문자열 '%d'에 'int' 형식의 인수가 필요하지만 variadic 인수 2의 형식이 'unsigned __int64'입니다.
  SCollisionManager.cpp
C:\ProgramingWorks\WinApiGame\WinApiGame_2DShooting\Server\WhiteEnemy.h(20,24): warning C4305: '초기화 중': 'double'에서 'float'(으)로 잘립니다.
  SComponent.cpp
  SDestroyZone.cpp
  SEnemyMissile.cpp
  SMissile.cpp
  SSphereCollider.cpp
  Server.cpp
  ServerEnemySpawnMgr.cpp
C:\ProgramingWorks\WinApiGame\WinApiGame_2DShooting\Server\ServerEnemySpawnMgr.cpp(34,30): warning C4244: '인수': 'int'에서 'float'(으)로 변환하면서 데이터가 손실될 수 있습니다.
  ServerPacketHandler.cpp
  ServerUtils.cpp
  SeverTimeManager.cpp
  코드를 생성하고 있습니다...
  컴파일하고 있습니다...
  WhiteEnemy.cpp
C:\ProgramingWorks\WinApiGame\WinApiGame_2DShooting\Server\WhiteEnemy.h(20,24): warning C4305: '초기화 중': 'double'에서 'float'(으)로 잘립니다.
  코드를 생성하고 있습니다...
  Enum.pb.cc
  Protocol.pb.cc
  Struct.pb.cc
  코드를 생성하고 있습니다...
  Server.vcxproj -> C:\ProgramingWorks\WinApiGame\WinApiGame_2DShooting\Binaries\x64\Server.exe
