Protocol.proto(4,1): warning G1A4DC0EC: Import Enum.proto is unused.
  C:Enum.pb.h
  1개 파일이 복사되었습니다.
  C:Enum.pb.cc
  1개 파일이 복사되었습니다.
  C:Struct.pb.h
  1개 파일이 복사되었습니다.
  C:Struct.pb.cc
  1개 파일이 복사되었습니다.
  C:Protocol.pb.h
  1개 파일이 복사되었습니다.
  C:Protocol.pb.cc
  1개 파일이 복사되었습니다.
  C:Enum.pb.h
  1개 파일이 복사되었습니다.
  C:Enum.pb.cc
  1개 파일이 복사되었습니다.
  C:Struct.pb.h
  1개 파일이 복사되었습니다.
  C:Struct.pb.cc
  1개 파일이 복사되었습니다.
  C:Protocol.pb.h
  1개 파일이 복사되었습니다.
  C:Protocol.pb.cc
  1개 파일이 복사되었습니다.
  C:Enum.pb.h
  1개 파일이 복사되었습니다.
  C:Enum.pb.cc
  1개 파일이 복사되었습니다.
  C:Struct.pb.h
  1개 파일이 복사되었습니다.
  C:Struct.pb.cc
  1개 파일이 복사되었습니다.
  C:Protocol.pb.h
  1개 파일이 복사되었습니다.
  C:Protocol.pb.cc
  1개 파일이 복사되었습니다.
  C:\ProgramingWorks\WinApiGame\WinApiGame_2DShooting\Common\protoc-21.12-win64\bin\*.h을(를) 찾을 수 없습니다.
  계속하려면 아무 키나 누르십시오 . . . 
  pch.cpp
  Enemy.cpp
C:\ProgramingWorks\WinApiGame\WinApiGame_2DShooting\Server\Player.h(29,20): warning C4305: '초기화 중': 'double'에서 'float'(으)로 잘립니다.
  HalfMoonEnemy.cpp
C:\ProgramingWorks\WinApiGame\WinApiGame_2DShooting\Server\Player.h(29,20): warning C4305: '초기화 중': 'double'에서 'float'(으)로 잘립니다.
C:\ProgramingWorks\WinApiGame\WinApiGame_2DShooting\Server\HalfMoonEnemy.cpp(77,17): warning C4244: '인수': '_Ty1'에서 '_Ty'(으)로 변환하면서 데이터가 손실될 수 있습니다.
C:\ProgramingWorks\WinApiGame\WinApiGame_2DShooting\Server\HalfMoonEnemy.cpp(77,17): warning C4244:         with
C:\ProgramingWorks\WinApiGame\WinApiGame_2DShooting\Server\HalfMoonEnemy.cpp(77,17): warning C4244:         [
C:\ProgramingWorks\WinApiGame\WinApiGame_2DShooting\Server\HalfMoonEnemy.cpp(77,17): warning C4244:             _Ty1=const uint64
C:\ProgramingWorks\WinApiGame\WinApiGame_2DShooting\Server\HalfMoonEnemy.cpp(77,17): warning C4244:         ]
C:\ProgramingWorks\WinApiGame\WinApiGame_2DShooting\Server\HalfMoonEnemy.cpp(77,17): warning C4244:         and
C:\ProgramingWorks\WinApiGame\WinApiGame_2DShooting\Server\HalfMoonEnemy.cpp(77,17): warning C4244:         [
C:\ProgramingWorks\WinApiGame\WinApiGame_2DShooting\Server\HalfMoonEnemy.cpp(77,17): warning C4244:             _Ty=int
C:\ProgramingWorks\WinApiGame\WinApiGame_2DShooting\Server\HalfMoonEnemy.cpp(77,17): warning C4244:         ]
  SBoxCollider.cpp
  SCollider.cpp
C:\ProgramingWorks\WinApiGame\WinApiGame_2DShooting\Server\Player.h(29,20): warning C4305: '초기화 중': 'double'에서 'float'(으)로 잘립니다.
  SCollisionManager.cpp
C:\ProgramingWorks\WinApiGame\WinApiGame_2DShooting\Server\SCollisionManager.cpp(30,28): error C2039: 'contains': 'std::unordered_set<std::shared_ptr<SCollider>,std::hash<std::shared_ptr<SCollider>>,std::equal_to<std::shared_ptr<SCollider>>,std::allocator<std::shared_ptr<SCollider>>>'의 멤버가 아닙니다.
C:\ProgramingWorks\WinApiGame\WinApiGame_2DShooting\Server\SCollisionManager.cpp(40,28): error C2039: 'contains': 'std::unordered_set<std::shared_ptr<SCollider>,std::hash<std::shared_ptr<SCollider>>,std::equal_to<std::shared_ptr<SCollider>>,std::allocator<std::shared_ptr<SCollider>>>'의 멤버가 아닙니다.
  SComponent.cpp
  SDestroyZone.cpp
  SEnemyMissile.cpp
  ServerEnemySpawnMgr.cpp
C:\ProgramingWorks\WinApiGame\WinApiGame_2DShooting\Server\ServerEnemySpawnMgr.cpp(35,30): warning C4244: '인수': 'int'에서 'float'(으)로 변환하면서 데이터가 손실될 수 있습니다.
  Actor.cpp
C:\ProgramingWorks\WinApiGame\WinApiGame_2DShooting\Server\Player.h(29,20): warning C4305: '초기화 중': 'double'에서 'float'(으)로 잘립니다.
  GameRoom.cpp
C:\ProgramingWorks\WinApiGame\WinApiGame_2DShooting\Server\Player.h(29,20): warning C4305: '초기화 중': 'double'에서 'float'(으)로 잘립니다.
  GameSession.cpp
  GameSessionManager.cpp
  Player.cpp
C:\ProgramingWorks\WinApiGame\WinApiGame_2DShooting\Server\Player.h(29,20): warning C4305: '초기화 중': 'double'에서 'float'(으)로 잘립니다.
  Server.cpp
  ServerPacketHandler.cpp
  ServerUtils.cpp
  SMissile.cpp
  SSphereCollider.cpp
  SeverTimeManager.cpp
  컴파일하고 있습니다...
  WhiteEnemy.cpp
