c:\programingworks\winapigame\winapigame_2dshooting\servercore\x64\debug\servercore.pch
c:\programingworks\winapigame\winapigame_2dshooting\libraries\libs\servercore\debug\servercore.pdb
c:\programingworks\winapigame\winapigame_2dshooting\libraries\libs\servercore\debug\servercore.idb
c:\programingworks\winapigame\winapigame_2dshooting\servercore\x64\debug\pch.obj
c:\programingworks\winapigame\winapigame_2dshooting\servercore\x64\debug\threadmanager.obj
c:\programingworks\winapigame\winapigame_2dshooting\servercore\x64\debug\socketutils.obj
c:\programingworks\winapigame\winapigame_2dshooting\servercore\x64\debug\session.obj
c:\programingworks\winapigame\winapigame_2dshooting\servercore\x64\debug\service.obj
c:\programingworks\winapigame\winapigame_2dshooting\servercore\x64\debug\sendbuffer.obj
c:\programingworks\winapigame\winapigame_2dshooting\servercore\x64\debug\recvbuffer.obj
c:\programingworks\winapigame\winapigame_2dshooting\servercore\x64\debug\netaddress.obj
c:\programingworks\winapigame\winapigame_2dshooting\servercore\x64\debug\listener.obj
c:\programingworks\winapigame\winapigame_2dshooting\servercore\x64\debug\iocpevent.obj
c:\programingworks\winapigame\winapigame_2dshooting\servercore\x64\debug\iocpcore.obj
c:\programingworks\winapigame\winapigame_2dshooting\servercore\x64\debug\coretls.obj
c:\programingworks\winapigame\winapigame_2dshooting\servercore\x64\debug\corepch.obj
c:\programingworks\winapigame\winapigame_2dshooting\servercore\x64\debug\coremacro.obj
c:\programingworks\winapigame\winapigame_2dshooting\servercore\x64\debug\coreglobal.obj
c:\programingworks\winapigame\winapigame_2dshooting\servercore\x64\debug\bufferwriter.obj
c:\programingworks\winapigame\winapigame_2dshooting\servercore\x64\debug\bufferreader.obj
c:\programingworks\winapigame\winapigame_2dshooting\libraries\libs\servercore\debug\servercore.lib
c:\programingworks\winapigame\winapigame_2dshooting\servercore\x64\debug\servercore.tlog\cl.command.1.tlog
c:\programingworks\winapigame\winapigame_2dshooting\servercore\x64\debug\servercore.tlog\cl.read.1.tlog
c:\programingworks\winapigame\winapigame_2dshooting\servercore\x64\debug\servercore.tlog\cl.write.1.tlog
c:\programingworks\winapigame\winapigame_2dshooting\servercore\x64\debug\servercore.tlog\lib-link.read.1.tlog
c:\programingworks\winapigame\winapigame_2dshooting\servercore\x64\debug\servercore.tlog\lib-link.write.1.tlog
c:\programingworks\winapigame\winapigame_2dshooting\servercore\x64\debug\servercore.tlog\lib.command.1.tlog
